16:08:55 **** Incremental Build of configuration Nios II for project CodeCracker ****
make all 
Info: Building ../CodeCracker_bsp/
C:/intelFPGA_lite/18.0/nios2eds/bin/gnu/H-x86_64-mingw32/bin/make --no-print-directory -C ../CodeCracker_bsp/
[BSP build complete]
Info: Compiling hello_world_small.c to obj/default/hello_world_small.o
nios2-elf-gcc -xc -MP -MMD -c -I../CodeCracker_bsp//HAL/inc -I../CodeCracker_bsp/ -I../CodeCracker_bsp//drivers/inc  -pipe -D__hal__ -DALT_NO_C_PLUS_PLUS -DALT_NO_CLEAN_EXIT -D'exit(a)=_exit(a)' -DALT_NO_EXIT -DALT_USE_DIRECT_DRIVERS -DALT_NO_INSTRUCTION_EMULATION -DALT_USE_SMALL_DRIVERS -DSMALL_C_LIB -DALT_SINGLE_THREADED    -Os -g -Wall   -mno-hw-div -mno-hw-mul -mno-hw-mulx -mgpopt=global  -o obj/default/hello_world_small.o hello_world_small.c
hello_world_small.c: In function 'FIR':
hello_world_small.c:99:278: warning: excess elements in array initializer
   static float h[30] = {-0.0012, 0.0031, 0.0034, -0.0060, -0.0077, 0.0096, 0.0151, -0.0135, -0.0276, 0.0173, 0.0496, -0.0205, -0.0971, 0.0226, 0.3152, 0.4766, 0.3152, 0.0226, -0.0971, -0.0205, 0.0496, 0.0173, -0.0276, -0.0135, 0.0151, 0.0096, -0.0077, -0.0060, 0.0034, 0.0031, -0.0012};
                                                                                                                                                                                                                                                                                      ^
hello_world_small.c:99:278: note: (near initialization for 'h')
hello_world_small.c: In function 'main':
hello_world_small.c:167:23: warning: unused variable 'exec_t2' [-Wunused-variable]
      clock_t exec_t1, exec_t2;
                       ^
hello_world_small.c:167:14: warning: variable 'exec_t1' set but not used [-Wunused-but-set-variable]
      clock_t exec_t1, exec_t2;
              ^
In file included from ../CodeCracker_bsp//drivers/inc/altera_up_avalon_accelerometer_spi_regs.h:33:0,
                 from ../CodeCracker_bsp//drivers/inc/altera_up_avalon_accelerometer_spi.h:8,
                 from hello_world_small.c:2:
../CodeCracker_bsp//HAL/inc/io.h:75:3: warning: 'response$' may be used uninitialized in this function [-Wmaybe-uninitialized]
   __builtin_stwio (__IO_CALC_ADDRESS_NATIVE ((BASE), (REGNUM)), (DATA))
   ^
hello_world_small.c:164:10: note: 'response$' was declared here
     char response[100]; // make array for longer sequence
          ^
hello_world_small.c:193:6: warning: 'response[100]' may be used uninitialized in this function [-Wmaybe-uninitialized]
      printf("<-> %c <->", response[100]);
      ^
Info: Linking CodeCracker.elf
nios2-elf-g++  -T'../CodeCracker_bsp//linker.x' -msys-crt0='../CodeCracker_bsp//obj/HAL/src/crt0.o' -msys-lib=hal_bsp -L../CodeCracker_bsp/  -msmallc  -Wl,-Map=CodeCracker.map   -Os -g -Wall   -mno-hw-div -mno-hw-mul -mno-hw-mulx -mgpopt=global  -o CodeCracker.elf obj/default/hello_world_small.o -lm -msys-lib=m
nios2-elf-insert CodeCracker.elf --thread_model hal --cpu_name cpu --qsys true --simulation_enabled false --id 0 --sidp 0x210d0 --timestamp 1645725419 --stderr_dev jtag_uart --stdin_dev jtag_uart --stdout_dev jtag_uart --sopc_system_name CodeCracker --quartus_project_dir "C:/Users/rohan/OneDrive/Documents/ImperialYear2/InformationProcessing/CodeCracker/Hardware" --jdi ../..//output_files/CodeCracker_top.jdi --sopcinfo C:/Users/rohan/OneDrive/Documents/ImperialYear2/InformationProcessing/CodeCracker/Hardware/software/CodeCracker_bsp/../../CodeCracker.sopcinfo
Info: (CodeCracker.elf) 9848 Bytes program size (code + initialized data).
Info:                   53 KBytes free for stack + heap.
Info: Creating CodeCracker.objdump
nios2-elf-objdump --disassemble --syms --all-header --source CodeCracker.elf >CodeCracker.objdump
[CodeCracker build complete]

16:08:56 Build Finished (took 1s.708ms)

