12:54:14 **** Clean-only build of configuration Nios II for project CodeCracker ****
make clean 
[CodeCracker clean complete]
12:54:24 **** Build of configuration Nios II for project CodeCracker ****
make all 
Info: Building ../CodeCracker_bsp/
C:/intelFPGA_lite/18.0/nios2eds/bin/gnu/H-x86_64-mingw32/bin/make --no-print-directory -C ../CodeCracker_bsp/
[BSP build complete]
Info: Compiling hello_world_small.c to obj/default/hello_world_small.o
nios2-elf-gcc -xc -MP -MMD -c -I../CodeCracker_bsp//HAL/inc -I../CodeCracker_bsp/ -I../CodeCracker_bsp//drivers/inc  -pipe -D__hal__ -DALT_NO_C_PLUS_PLUS -DALT_NO_CLEAN_EXIT -D'exit(a)=_exit(a)' -DALT_NO_EXIT -DALT_USE_DIRECT_DRIVERS -DALT_NO_INSTRUCTION_EMULATION -DALT_USE_SMALL_DRIVERS -DSMALL_C_LIB -DALT_SINGLE_THREADED    -Os -g -Wall   -mno-hw-div -mno-hw-mul -mno-hw-mulx -mgpopt=global  -o obj/default/hello_world_small.o hello_world_small.c
hello_world_small.c: In function 'updateText':
hello_world_small.c:112:9: warning: return makes integer from pointer without a cast [-Wint-conversion]
  return &enteredText[0];
         ^
hello_world_small.c: In function 'start_game':
hello_world_small.c:485:20: warning: unused variable 'exec_t2' [-Wunused-variable]
   clock_t exec_t1, exec_t2;
                    ^
hello_world_small.c:485:11: warning: variable 'exec_t1' set but not used [-Wunused-but-set-variable]
   clock_t exec_t1, exec_t2;
           ^
hello_world_small.c: In function 'admin_actions':
hello_world_small.c:585:19: warning: unused variable 'exec_t2' [-Wunused-variable]
  clock_t exec_t1, exec_t2;
                   ^
hello_world_small.c:585:10: warning: variable 'exec_t1' set but not used [-Wunused-but-set-variable]
  clock_t exec_t1, exec_t2;
          ^
hello_world_small.c: In function 'start_game':
hello_world_small.c:567:1: warning: control reaches end of non-void function [-Wreturn-type]
 }
 ^
hello_world_small.c: In function 'admin_actions':
hello_world_small.c:659:1: warning: control reaches end of non-void function [-Wreturn-type]
 }
 ^
Info: Linking CodeCracker.elf
nios2-elf-g++  -T'../CodeCracker_bsp//linker.x' -msys-crt0='../CodeCracker_bsp//obj/HAL/src/crt0.o' -msys-lib=hal_bsp -L../CodeCracker_bsp/  -msmallc  -Wl,-Map=CodeCracker.map   -Os -g -Wall   -mno-hw-div -mno-hw-mul -mno-hw-mulx -mgpopt=global  -o CodeCracker.elf obj/default/hello_world_small.o -lm -msys-lib=m
nios2-elf-insert CodeCracker.elf --thread_model hal --cpu_name cpu --qsys true --simulation_enabled false --id 0 --sidp 0x210d0 --timestamp 1645725419 --stderr_dev jtag_uart --stdin_dev jtag_uart --stdout_dev jtag_uart --sopc_system_name CodeCracker --quartus_project_dir "C:/Users/rohan/OneDrive/Documents/ImperialYear2/InformationProcessing/CodeCracker/Hardware" --jdi ../..//output_files/CodeCracker_top.jdi --sopcinfo C:/Users/rohan/OneDrive/Documents/ImperialYear2/InformationProcessing/CodeCracker/Hardware/software/CodeCracker_bsp/../../CodeCracker.sopcinfo
Info: (CodeCracker.elf) 9736 Bytes program size (code + initialized data).
Info:                   54 KBytes free for stack + heap.
Info: Creating CodeCracker.objdump
nios2-elf-objdump --disassemble --syms --all-header --source CodeCracker.elf >CodeCracker.objdump
[CodeCracker build complete]
12:54:28 **** Incremental Build of configuration Nios II for project CodeCracker ****
make all 
Info: Building ../CodeCracker_bsp/
C:/intelFPGA_lite/18.0/nios2eds/bin/gnu/H-x86_64-mingw32/bin/make --no-print-directory -C ../CodeCracker_bsp/
[BSP build complete]
[CodeCracker build complete]
12:57:02 **** Incremental Build of configuration Nios II for project CodeCracker ****
make all 
Info: Building ../CodeCracker_bsp/
C:/intelFPGA_lite/18.0/nios2eds/bin/gnu/H-x86_64-mingw32/bin/make --no-print-directory -C ../CodeCracker_bsp/
[BSP build complete]
[CodeCracker build complete]
12:59:09 **** Incremental Build of configuration Nios II for project CodeCracker ****
make all 
Info: Building ../CodeCracker_bsp/
C:/intelFPGA_lite/18.0/nios2eds/bin/gnu/H-x86_64-mingw32/bin/make --no-print-directory -C ../CodeCracker_bsp/
[BSP build complete]
[CodeCracker build complete]
13:04:48 **** Incremental Build of configuration Nios II for project CodeCracker ****
make all 
Info: Building ../CodeCracker_bsp/
C:/intelFPGA_lite/18.0/nios2eds/bin/gnu/H-x86_64-mingw32/bin/make --no-print-directory -C ../CodeCracker_bsp/
[BSP build complete]
[CodeCracker build complete]
13:10:45 **** Incremental Build of configuration Nios II for project CodeCracker ****
make all 
Info: Building ../CodeCracker_bsp/
C:/intelFPGA_lite/18.0/nios2eds/bin/gnu/H-x86_64-mingw32/bin/make --no-print-directory -C ../CodeCracker_bsp/
[BSP build complete]
[CodeCracker build complete]
13:15:41 **** Incremental Build of configuration Nios II for project CodeCracker ****
make all 
Info: Building ../CodeCracker_bsp/
C:/intelFPGA_lite/18.0/nios2eds/bin/gnu/H-x86_64-mingw32/bin/make --no-print-directory -C ../CodeCracker_bsp/
[BSP build complete]
[CodeCracker build complete]
13:31:09 **** Incremental Build of configuration Nios II for project CodeCracker ****
make all 
Info: Building ../CodeCracker_bsp/
C:/intelFPGA_lite/18.0/nios2eds/bin/gnu/H-x86_64-mingw32/bin/make --no-print-directory -C ../CodeCracker_bsp/
[BSP build complete]
[CodeCracker build complete]
13:37:32 **** Incremental Build of configuration Nios II for project CodeCracker ****
make all 
Info: Building ../CodeCracker_bsp/
C:/intelFPGA_lite/18.0/nios2eds/bin/gnu/H-x86_64-mingw32/bin/make --no-print-directory -C ../CodeCracker_bsp/
[BSP build complete]
[CodeCracker build complete]
13:37:35 **** Incremental Build of configuration Nios II for project CodeCracker ****
make all 
Info: Building ../CodeCracker_bsp/
C:/intelFPGA_lite/18.0/nios2eds/bin/gnu/H-x86_64-mingw32/bin/make --no-print-directory -C ../CodeCracker_bsp/
[BSP build complete]
[CodeCracker build complete]
13:49:16 **** Incremental Build of configuration Nios II for project CodeCracker ****
make all 
Info: Building ../CodeCracker_bsp/
C:/intelFPGA_lite/18.0/nios2eds/bin/gnu/H-x86_64-mingw32/bin/make --no-print-directory -C ../CodeCracker_bsp/
[BSP build complete]
[CodeCracker build complete]
13:50:07 **** Incremental Build of configuration Nios II for project CodeCracker ****
make all 
Info: Building ../CodeCracker_bsp/
C:/intelFPGA_lite/18.0/nios2eds/bin/gnu/H-x86_64-mingw32/bin/make --no-print-directory -C ../CodeCracker_bsp/
[BSP build complete]
[CodeCracker build complete]
14:03:51 **** Incremental Build of configuration Nios II for project CodeCracker ****
make all 
Info: Building ../CodeCracker_bsp/
C:/intelFPGA_lite/18.0/nios2eds/bin/gnu/H-x86_64-mingw32/bin/make --no-print-directory -C ../CodeCracker_bsp/
[BSP build complete]
[CodeCracker build complete]
14:16:44 **** Incremental Build of configuration Nios II for project CodeCracker ****
make all 
Info: Building ../CodeCracker_bsp/
C:/intelFPGA_lite/18.0/nios2eds/bin/gnu/H-x86_64-mingw32/bin/make --no-print-directory -C ../CodeCracker_bsp/
[BSP build complete]
[CodeCracker build complete]
14:26:55 **** Incremental Build of configuration Nios II for project CodeCracker ****
make all 
Info: Building ../CodeCracker_bsp/
C:/intelFPGA_lite/18.0/nios2eds/bin/gnu/H-x86_64-mingw32/bin/make --no-print-directory -C ../CodeCracker_bsp/
[BSP build complete]
[CodeCracker build complete]
14:36:23 **** Incremental Build of configuration Nios II for project CodeCracker ****
make all 
Info: Building ../CodeCracker_bsp/
C:/intelFPGA_lite/18.0/nios2eds/bin/gnu/H-x86_64-mingw32/bin/make --no-print-directory -C ../CodeCracker_bsp/
[BSP build complete]
[CodeCracker build complete]
14:44:52 **** Incremental Build of configuration Nios II for project CodeCracker ****
make all 
Info: Building ../CodeCracker_bsp/
C:/intelFPGA_lite/18.0/nios2eds/bin/gnu/H-x86_64-mingw32/bin/make --no-print-directory -C ../CodeCracker_bsp/
[BSP build complete]
[CodeCracker build complete]
17:03:38 **** Incremental Build of configuration Nios II for project CodeCracker ****
make all 
Info: Building ../CodeCracker_bsp/
C:/intelFPGA_lite/18.0/nios2eds/bin/gnu/H-x86_64-mingw32/bin/make --no-print-directory -C ../CodeCracker_bsp/
[BSP build complete]
[CodeCracker build complete]
